<?xml version="1.0" encoding="UTF-8"?>
<robot generator="Robot 7.0 (Python 3.12.2 on win32)" generated="2024-04-22T22:53:47.194053" rpa="false" schemaversion="5">
<suite id="s1" name="Test Pet" source="c:\Users\Vicente\Documents\Iterasys\PetStoreRobot140\__tests__\test_pet.robot">
<test id="s1-t1" name="Delete pet" line="73">
<kw name="DELETE" owner="RequestsLibrary">
<msg time="2024-04-22T22:53:49.416781" level="INFO">DELETE Request : url=https://petstore.swagger.io/v2/pet/72567201 
 path_url=/v2/pet/72567201 
 headers={'User-Agent': 'python-requests/2.31.0', 'Accept-Encoding': 'gzip, deflate', 'Accept': '*/*', 'Connection': 'keep-alive', 'Content-Length': '0'} 
 body=None 
 </msg>
<msg time="2024-04-22T22:53:49.421767" level="INFO">DELETE Response : url=https://petstore.swagger.io/v2/pet/72567201 
 status=200, reason=OK 
 headers={'Date': 'Tue, 23 Apr 2024 01:53:49 GMT', 'Content-Type': 'application/json', 'Transfer-Encoding': 'chunked', 'Connection': 'keep-alive', 'Access-Control-Allow-Origin': '*', 'Access-Control-Allow-Methods': 'GET, POST, DELETE, PUT', 'Access-Control-Allow-Headers': 'Content-Type, api_key, Authorization', 'Server': 'Jetty(9.2.9.v20150224)'} 
 body={"code":200,"type":"unknown","message":"72567201"} 
 </msg>
<msg time="2024-04-22T22:53:49.425759" level="INFO">${response} = &lt;Response [200]&gt;</msg>
<var>${response}</var>
<arg>${{$url + '/' + $id}}</arg>
<doc>Sends a DELETE request.</doc>
<status status="PASS" start="2024-04-22T22:53:47.610260" elapsed="1.816497"/>
</kw>
<kw name="Set Variable" owner="BuiltIn">
<msg time="2024-04-22T22:53:49.431741" level="INFO">${response_body} = {'code': 200, 'type': 'unknown', 'message': '72567201'}</msg>
<var>${response_body}</var>
<arg>${response.json()}</arg>
<doc>Returns the given values which can then be assigned to a variables.</doc>
<status status="PASS" start="2024-04-22T22:53:49.429746" elapsed="0.002993"/>
</kw>
<kw name="Log To Console" owner="BuiltIn">
<arg>${response_body}</arg>
<doc>Logs the given message to the console.</doc>
<status status="PASS" start="2024-04-22T22:53:49.434741" elapsed="0.005977"/>
</kw>
<kw name="Status Should Be" owner="RequestsLibrary">
<arg>200</arg>
<doc>Fails if response status code is different than the expected.</doc>
<status status="PASS" start="2024-04-22T22:53:49.441714" elapsed="0.000999"/>
</kw>
<kw name="Should Be Equal" owner="BuiltIn">
<arg>${response_body}[code]</arg>
<arg>${{int(200)}}</arg>
<doc>Fails if the given objects are unequal.</doc>
<status status="PASS" start="2024-04-22T22:53:49.444708" elapsed="0.001993"/>
</kw>
<kw name="Should Be Equal" owner="BuiltIn">
<arg>${response_body}[type]</arg>
<arg>unknown</arg>
<doc>Fails if the given objects are unequal.</doc>
<status status="PASS" start="2024-04-22T22:53:49.447703" elapsed="0.000993"/>
</kw>
<kw name="Should Be Equal" owner="BuiltIn">
<arg>${response_body}[message]</arg>
<arg>${id}</arg>
<doc>Fails if the given objects are unequal.</doc>
<status status="PASS" start="2024-04-22T22:53:49.450690" elapsed="0.000997"/>
</kw>
<status status="PASS" start="2024-04-22T22:53:47.609262" elapsed="1.844423"/>
</test>
<status status="PASS" start="2024-04-22T22:53:47.215010" elapsed="2.241665"/>
</suite>
<statistics>
<total>
<stat pass="1" fail="0" skip="0">All Tests</stat>
</total>
<tag>
</tag>
<suite>
<stat pass="1" fail="0" skip="0" id="s1" name="Test Pet">Test Pet</stat>
</suite>
</statistics>
<errors>
</errors>
</robot>
